<?xml version="1.0" encoding="UTF-8"?>
<!-- Generated by org.testng.reporters.JUnitReportReporter -->
<testsuite hostname="DESKTOP-QRQRH7B" failures="0" tests="1" name="Academy.LandingPagetestcase" time="5.329" errors="0" timestamp="2022-05-06T17:32:59 SAST" skipped="0">
  <testcase classname="Academy.LandingPagetestcase" name="contactUsPage" time="5.329"/>
  <system-out/>
</testsuite> <!-- Academy.LandingPagetestcase -->
