<?xml version="1.0" encoding="UTF-8"?>
<!-- Generated by org.testng.reporters.JUnitReportReporter -->
<testsuite hostname="DESKTOP-QRQRH7B" failures="0" tests="1" name="Academy.TestCase2" time="2.375" errors="0" timestamp="2022-05-06T16:55:26 SAST" skipped="0">
  <testcase classname="Academy.TestCase2" name="landigpagevalidation" time="2.375"/>
  <system-out/>
</testsuite> <!-- Academy.TestCase2 -->
